2022-04-18 15:12:09.246  WARN 27700 --- [http-nio-84-exec-9] com.example.controller.BookController    : warn...
2022-04-18 15:12:09.251 ERROR 27700 --- [http-nio-84-exec-9] com.example.controller.BookController    : error....
2022-04-18 15:12:09.558  INFO 27700 --- [http-nio-84-exec-5] com.example.controller.BookController    : info...
2022-04-18 15:12:09.558  WARN 27700 --- [http-nio-84-exec-5] com.example.controller.BookController    : warn...
2022-04-18 15:12:09.559 ERROR 27700 --- [http-nio-84-exec-5] com.example.controller.BookController    : error....
2022-04-18 15:12:17.776  INFO 27700 --- [http-nio-84-exec-1] com.example.controller.BookController    : info...
2022-04-18 15:12:17.777  WARN 27700 --- [http-nio-84-exec-1] com.example.controller.BookController    : warn...
2022-04-18 15:12:17.777 ERROR 27700 --- [http-nio-84-exec-1] com.example.controller.BookController    : error....
2022-04-18 15:12:17.943  INFO 27700 --- [http-nio-84-exec-4] com.example.controller.BookController    : info...
2022-04-18 15:12:17.944  WARN 27700 --- [http-nio-84-exec-4] com.example.controller.BookController    : warn...
2022-04-18 15:12:17.944 ERROR 27700 --- [http-nio-84-exec-4] com.example.controller.BookController    : error....
2022-04-18 15:12:18.114  INFO 27700 --- [http-nio-84-exec-6] com.example.controller.BookController    : info...
2022-04-18 15:12:18.115  WARN 27700 --- [http-nio-84-exec-6] com.example.controller.BookController    : warn...
2022-04-18 15:12:18.115 ERROR 27700 --- [http-nio-84-exec-6] com.example.controller.BookController    : error....
2022-04-18 15:12:18.293  INFO 27700 --- [http-nio-84-exec-2] com.example.controller.BookController    : info...
2022-04-18 15:12:18.293  WARN 27700 --- [http-nio-84-exec-2] com.example.controller.BookController    : warn...
2022-04-18 15:12:18.293 ERROR 27700 --- [http-nio-84-exec-2] com.example.controller.BookController    : error....
2022-04-18 15:12:18.475  INFO 27700 --- [http-nio-84-exec-10] com.example.controller.BookController    : info...
2022-04-18 15:12:18.475  WARN 27700 --- [http-nio-84-exec-10] com.example.controller.BookController    : warn...
2022-04-18 15:12:18.475 ERROR 27700 --- [http-nio-84-exec-10] com.example.controller.BookController    : error....
2022-04-18 15:12:18.637  INFO 27700 --- [http-nio-84-exec-3] com.example.controller.BookController    : info...
2022-04-18 15:12:18.637  WARN 27700 --- [http-nio-84-exec-3] com.example.controller.BookController    : warn...
2022-04-18 15:12:18.637 ERROR 27700 --- [http-nio-84-exec-3] com.example.controller.BookController    : error....
2022-04-18 15:12:18.810  INFO 27700 --- [http-nio-84-exec-7] com.example.controller.BookController    : info...
2022-04-18 15:12:18.810  WARN 27700 --- [http-nio-84-exec-7] com.example.controller.BookController    : warn...
2022-04-18 15:12:18.810 ERROR 27700 --- [http-nio-84-exec-7] com.example.controller.BookController    : error....
2022-04-18 15:12:18.967  INFO 27700 --- [http-nio-84-exec-8] com.example.controller.BookController    : info...
2022-04-18 15:12:18.967  WARN 27700 --- [http-nio-84-exec-8] com.example.controller.BookController    : warn...
2022-04-18 15:12:18.967 ERROR 27700 --- [http-nio-84-exec-8] com.example.controller.BookController    : error....
2022-04-19 08:43:20.454  INFO 42616 --- [main] c.example.Springboot09ConfigApplication  : Starting Springboot09ConfigApplication using Java 17.0.1 on LAPTOP-TMFVR95E with PID 42616 (C:\Users\2048\Desktop\2022\后端\springboot\springboot09_config\target\classes started by 2048 in C:\Users\2048\Desktop\2022\后端\springboot)
2022-04-19 08:43:20.461  INFO 42616 --- [main] c.example.Springboot09ConfigApplication  : No active profile set, falling back to 1 default profile: "default"
2022-04-19 08:43:21.133  INFO 42616 --- [main] o.s.b.w.embedded.tomcat.TomcatWebServer  : Tomcat initialized with port(s): 84 (http)
2022-04-19 08:43:21.140  INFO 42616 --- [main] o.apache.catalina.core.StandardService   : Starting service [Tomcat]
2022-04-19 08:43:21.140  INFO 42616 --- [main] org.apache.catalina.core.StandardEngine  : Starting Servlet engine: [Apache Tomcat/9.0.60]
