2022-04-18 15:09:58.673  INFO 27700 --- [main] c.example.Springboot09ConfigApplication  : Starting Springboot09ConfigApplication using Java 17.0.1 on LAPTOP-TMFVR95E with PID 27700 (C:\Users\2048\Desktop\2022\后端\springboot\springboot09_config\target\classes started by 2048 in C:\Users\2048\Desktop\2022\后端\springboot)
2022-04-18 15:09:58.676  INFO 27700 --- [main] c.example.Springboot09ConfigApplication  : No active profile set, falling back to 1 default profile: "default"
2022-04-18 15:09:59.352  INFO 27700 --- [main] o.s.b.w.embedded.tomcat.TomcatWebServer  : Tomcat initialized with port(s): 84 (http)
2022-04-18 15:09:59.363  INFO 27700 --- [main] o.apache.catalina.core.StandardService   : Starting service [Tomcat]
2022-04-18 15:09:59.363  INFO 27700 --- [main] org.apache.catalina.core.StandardEngine  : Starting Servlet engine: [Apache Tomcat/9.0.60]
2022-04-18 15:09:59.429  INFO 27700 --- [main] o.a.c.c.C.[Tomcat].[localhost].[/]       : Initializing Spring embedded WebApplicationContext
2022-04-18 15:09:59.430  INFO 27700 --- [main] w.s.c.ServletWebServerApplicationContext : Root WebApplicationContext: initialization completed in 701 ms
2022-04-18 15:09:59.679  INFO 27700 --- [main] o.s.b.w.embedded.tomcat.TomcatWebServer  : Tomcat started on port(s): 84 (http) with context path ''
2022-04-18 15:09:59.687  INFO 27700 --- [main] c.example.Springboot09ConfigApplication  : Started Springboot09ConfigApplication in 1.449 seconds (JVM running for 2.041)
2022-04-18 15:10:21.960  INFO 27700 --- [http-nio-84-exec-1] o.a.c.c.C.[Tomcat].[localhost].[/]       : Initializing Spring DispatcherServlet 'dispatcherServlet'
2022-04-18 15:10:21.960  INFO 27700 --- [http-nio-84-exec-1] o.s.web.servlet.DispatcherServlet        : Initializing Servlet 'dispatcherServlet'
2022-04-18 15:10:21.961  INFO 27700 --- [http-nio-84-exec-1] o.s.web.servlet.DispatcherServlet        : Completed initialization in 1 ms
2022-04-18 15:10:21.976  INFO 27700 --- [http-nio-84-exec-1] com.example.controller.BookController    : info...
2022-04-18 15:10:21.976  WARN 27700 --- [http-nio-84-exec-1] com.example.controller.BookController    : warn...
2022-04-18 15:10:21.976 ERROR 27700 --- [http-nio-84-exec-1] com.example.controller.BookController    : error....
2022-04-18 15:10:23.117  INFO 27700 --- [http-nio-84-exec-4] com.example.controller.BookController    : info...
2022-04-18 15:10:23.117  WARN 27700 --- [http-nio-84-exec-4] com.example.controller.BookController    : warn...
2022-04-18 15:10:23.117 ERROR 27700 --- [http-nio-84-exec-4] com.example.controller.BookController    : error....
2022-04-18 15:10:23.435  INFO 27700 --- [http-nio-84-exec-6] com.example.controller.BookController    : info...
2022-04-18 15:10:23.435  WARN 27700 --- [http-nio-84-exec-6] com.example.controller.BookController    : warn...
2022-04-18 15:10:23.435 ERROR 27700 --- [http-nio-84-exec-6] com.example.controller.BookController    : error....
2022-04-18 15:10:23.736  INFO 27700 --- [http-nio-84-exec-2] com.example.controller.BookController    : info...
2022-04-18 15:10:23.736  WARN 27700 --- [http-nio-84-exec-2] com.example.controller.BookController    : warn...
2022-04-18 15:10:23.736 ERROR 27700 --- [http-nio-84-exec-2] com.example.controller.BookController    : error....
2022-04-18 15:12:08.549  INFO 27700 --- [http-nio-84-exec-7] com.example.controller.BookController    : info...
2022-04-18 15:12:08.549  WARN 27700 --- [http-nio-84-exec-7] com.example.controller.BookController    : warn...
2022-04-18 15:12:08.549 ERROR 27700 --- [http-nio-84-exec-7] com.example.controller.BookController    : error....
2022-04-18 15:12:08.883  INFO 27700 --- [http-nio-84-exec-8] com.example.controller.BookController    : info...
2022-04-18 15:12:08.884  WARN 27700 --- [http-nio-84-exec-8] com.example.controller.BookController    : warn...
2022-04-18 15:12:08.884 ERROR 27700 --- [http-nio-84-exec-8] com.example.controller.BookController    : error....
2022-04-18 15:12:09.246  INFO 27700 --- [http-nio-84-exec-9] com.example.controller.BookController    : info...
